<?xml version="1.0" encoding="UTF-8"?>
<!-- Generated by org.testng.reporters.JUnitReportReporter -->
<testsuite hostname="Mukilan" failures="0" tests="2" name="tests.TC005_ChangePassword" time="24.364" errors="0" timestamp="2025-05-14T21:15:18 IST" skipped="0">
  <testcase classname="tests.TC005_ChangePassword" name="changePasswordTest" time="12.376"/>
  <testcase classname="tests.TC005_ChangePassword" name="changePasswordTest" time="11.988"/>
</testsuite> <!-- tests.TC005_ChangePassword -->
