<?xml version="1.0" encoding="UTF-8"?>
<!-- Generated by org.testng.reporters.JUnitReportReporter -->
<testsuite hostname="Mukilan" failures="0" tests="1" name="tests.TC006_CancelHotelTest" time="49.962" errors="0" timestamp="2025-05-15T06:07:40 IST" skipped="0">
  <testcase classname="tests.TC006_CancelHotelTest" name="cancelHotelTest" time="49.962"/>
</testsuite> <!-- tests.TC006_CancelHotelTest -->
