<?xml version="1.0" encoding="UTF-8"?>
<!-- Generated by org.testng.reporters.JUnitReportReporter -->
<testsuite hostname="Mukilan" failures="0" tests="1" name="tests.TC006_LogoutTest" time="9.435" errors="0" timestamp="2025-05-14T21:15:18 IST" skipped="0">
  <testcase classname="tests.TC006_LogoutTest" name="logoutTest" time="9.435"/>
</testsuite> <!-- tests.TC006_LogoutTest -->
