<?xml version="1.0" encoding="UTF-8"?>
<!-- Generated by org.testng.reporters.JUnitReportReporter -->
<testsuite hostname="Mukilan" failures="0" tests="2" name="tests.TC003_SearchAHotel" time="22.898" errors="0" timestamp="2025-05-15T06:07:40 IST" skipped="0">
  <testcase classname="tests.TC003_SearchAHotel" name="bookHotelTest" time="11.383"/>
  <testcase classname="tests.TC003_SearchAHotel" name="bookHotelTest" time="11.515"/>
</testsuite> <!-- tests.TC003_SearchAHotel -->
