<?xml version="1.0" encoding="UTF-8"?>
<!-- Generated by org.testng.reporters.JUnitReportReporter -->
<testsuite hostname="Mukilan" failures="0" tests="2" name="tests.BookAHotelTest" time="31.740" errors="0" timestamp="2025-05-15T04:31:49 IST" skipped="0">
  <testcase classname="tests.BookAHotelTest" name="bookAHotelTest" time="12.821"/>
  <testcase classname="tests.BookAHotelTest" name="bookAHotelTest" time="18.919"/>
</testsuite> <!-- tests.BookAHotelTest -->
