<?xml version="1.0" encoding="UTF-8"?>
<!-- Generated by org.testng.reporters.JUnitReportReporter -->
<testsuite hostname="Mukilan" failures="0" tests="2" name="tests.TC001_NewRegisterationTest" time="50.954" errors="0" timestamp="2025-05-15T06:07:40 IST" skipped="0">
  <testcase classname="tests.TC001_NewRegisterationTest" name="newRegisterTest" time="33.020"/>
  <testcase classname="tests.TC001_NewRegisterationTest" name="newRegisterTest" time="17.934"/>
</testsuite> <!-- tests.TC001_NewRegisterationTest -->
