<?xml version="1.0" encoding="UTF-8"?>
<!-- Generated by org.testng.reporters.JUnitReportReporter -->
<testsuite hostname="Mukilan" failures="0" tests="2" name="tests.TC004_SelectAHotelTest" time="20.544" errors="0" timestamp="2025-06-06T16:09:07 IST" skipped="0">
  <testcase classname="tests.TC004_SelectAHotelTest" name="selectHotelTest" time="9.947">
    <system-out>
      <![CDATA[Select Hotel Not Function Completed Due To Error]]>
    </system-out>
  </testcase> <!-- selectHotelTest -->
  <testcase classname="tests.TC004_SelectAHotelTest" name="selectHotelTest" time="10.597">
    <system-out>
      <![CDATA[Select Hotel Function Completed]]>
    </system-out>
  </testcase> <!-- selectHotelTest -->
  <system-out>
    <![CDATA[Registeration Successful
Registeration not successful due to invalid data
Login Successful
Login not successful with invalid data
Search Hotel Function Completed
Search Hotel Not Function Completed Due To Error
Select Hotel Function Completed
Select Hotel Not Function Completed Due To Error
Hotel Booked Successfully 
Hotel Booking Was Successfull Due To Error 
Cancel hotel by select function verified
Cancel hotel by a single itienerary function verified
Cancel Confirmation Verified
Valid search function verified
Valid search function verified
Logout Successful]]>
  </system-out>
</testsuite> <!-- tests.TC004_SelectAHotelTest -->
