<?xml version="1.0" encoding="UTF-8"?>
<!-- Generated by org.testng.reporters.JUnitReportReporter -->
<testsuite hostname="Mukilan" failures="0" tests="1" name="tests.TC006_CancelHotelTest" time="52.565" errors="0" timestamp="2025-06-06T15:28:31 IST" skipped="0">
  <testcase classname="tests.TC006_CancelHotelTest" name="cancelHotelTest" time="52.565">
    <system-out>
      <![CDATA[Cancel hotel by select function verified
Cancel hotel by a single itienerary function verified
Cancel A hotel function verified]]>
    </system-out>
  </testcase> <!-- cancelHotelTest -->
  <system-out>
    <![CDATA[Cancel hotel by select function verified
Cancel hotel by a single itienerary function verified
Cancel A hotel function verified]]>
  </system-out>
</testsuite> <!-- tests.TC006_CancelHotelTest -->
