<?xml version="1.0" encoding="UTF-8"?>
<!-- Generated by org.testng.reporters.JUnitReportReporter -->
<testsuite hostname="Mukilan" failures="0" tests="2" name="tests.TC004_SelectAHotelTest" time="23.974" errors="0" timestamp="2025-05-15T06:07:40 IST" skipped="0">
  <testcase classname="tests.TC004_SelectAHotelTest" name="selectHotelTest" time="11.793"/>
  <testcase classname="tests.TC004_SelectAHotelTest" name="selectHotelTest" time="12.181"/>
</testsuite> <!-- tests.TC004_SelectAHotelTest -->
