<?xml version="1.0" encoding="UTF-8"?>
<!-- Generated by org.testng.reporters.JUnitReportReporter -->
<testsuite hostname="Mukilan" failures="0" tests="2" name="tests.TC005_BookAHotelTest" time="34.046" errors="0" timestamp="2025-05-15T06:07:40 IST" skipped="0">
  <testcase classname="tests.TC005_BookAHotelTest" name="bookAHotelTest" time="14.555"/>
  <testcase classname="tests.TC005_BookAHotelTest" name="bookAHotelTest" time="19.491"/>
</testsuite> <!-- tests.TC005_BookAHotelTest -->
