<?xml version="1.0" encoding="UTF-8"?>
<!-- Generated by org.testng.reporters.JUnitReportReporter -->
<testsuite hostname="Mukilan" failures="0" tests="1" name="tests.TC003_SelectHotel" time="10.100" errors="0" timestamp="2025-05-06T18:04:38 IST" skipped="0">
  <testcase classname="tests.TC003_SelectHotel" name="selectHotelTest" time="10.100"/>
</testsuite> <!-- tests.TC003_SelectHotel -->
