<?xml version="1.0" encoding="UTF-8"?>
<!-- Generated by org.testng.reporters.JUnitReportReporter -->
<testsuite hostname="Mukilan" failures="0" tests="2" name="tests.TC007_SearchTest" time="89.703" errors="0" timestamp="2025-05-15T06:07:40 IST" skipped="0">
  <testcase classname="tests.TC007_SearchTest" name="searchFunctionTest" time="47.569"/>
  <testcase classname="tests.TC007_SearchTest" name="searchFunctionTest" time="42.134"/>
</testsuite> <!-- tests.TC007_SearchTest -->
