<?xml version="1.0" encoding="UTF-8"?>
<!-- Generated by org.testng.reporters.JUnitReportReporter -->
<testsuite hostname="Mukilan" failures="0" tests="2" name="tests.TC002_Login_Test" time="16.014" errors="0" timestamp="2025-06-06T16:57:29 IST" skipped="0">
  <testcase classname="tests.TC002_Login_Test" name="loginTest" time="8.071">
    <system-out>
      <![CDATA[Login Successful]]>
    </system-out>
  </testcase> <!-- loginTest -->
  <testcase classname="tests.TC002_Login_Test" name="loginTest" time="7.943">
    <system-out>
      <![CDATA[Login not successful with invalid data]]>
    </system-out>
  </testcase> <!-- loginTest -->
  <system-out>
    <![CDATA[Registeration Successful
Registeration not successful due to invalid data
Login Successful
Login not successful with invalid data
Search Hotel Function Completed With Valid Details
Search Hotel Function Completed Due To Error
Select Hotel Function Completed With Valid Details
Select Hotel Function Not Completed Due To Error
Hotel Booked Successfully 
Hotel Booking Was Successfull Due To Error 
Cancel hotel by select function verified
Cancel hotel by a single itienerary function verified
Cancel Confirmation Verified
Valid search function verified
Invalid search function verified
Logout Successful]]>
  </system-out>
</testsuite> <!-- tests.TC002_Login_Test -->
