<?xml version="1.0" encoding="UTF-8"?>
<!-- Generated by org.testng.reporters.JUnitReportReporter -->
<testsuite hostname="Mukilan" failures="0" tests="2" name="tests.TC003_SearchAHotel" time="20.071" errors="0" timestamp="2025-06-06T15:15:53 IST" skipped="0">
  <testcase classname="tests.TC003_SearchAHotel" name="bookHotelTest" time="9.555">
    <system-out>
      <![CDATA[Search Hotel Not Function Completed Due To Error]]>
    </system-out>
  </testcase> <!-- bookHotelTest -->
  <testcase classname="tests.TC003_SearchAHotel" name="bookHotelTest" time="10.516">
    <system-out>
      <![CDATA[Search Hotel Function Completed]]>
    </system-out>
  </testcase> <!-- bookHotelTest -->
  <system-out>
    <![CDATA[Registeration Successful
Registeration not successful due to invalid data
Login Successful
Login not successful with invalid data
Search Hotel Function Completed
Search Hotel Not Function Completed Due To Error
Select Hotel Function Completed
Select Hotel Not Function Completed Due To Error
Hotel Booked Successfully 
Hotel Booking Was Successfull Due To Error 
Cancel hotel by select function verified
Cancel hotel by a single itienerary function verified
Cancel A hotel function verified
Valid search function verified
Valid search function verified]]>
  </system-out>
</testsuite> <!-- tests.TC003_SearchAHotel -->
