<?xml version="1.0" encoding="UTF-8"?>
<!-- Generated by org.testng.reporters.JUnitReportReporter -->
<testsuite hostname="Mukilan" failures="0" tests="2" name="tests.TC003_SearchAHotel" time="25.595" errors="0" timestamp="2025-05-16T18:42:26 IST" skipped="0">
  <testcase classname="tests.TC003_SearchAHotel" name="bookHotelTest" time="13.325"/>
  <testcase classname="tests.TC003_SearchAHotel" name="bookHotelTest" time="12.270"/>
</testsuite> <!-- tests.TC003_SearchAHotel -->
