<?xml version="1.0" encoding="UTF-8"?>
<!-- Generated by org.testng.reporters.JUnitReportReporter -->
<testsuite hostname="Mukilan" failures="0" tests="2" name="tests.TC007_SearchTest" time="89.629" errors="0" timestamp="2025-05-16T18:42:26 IST" skipped="0">
  <testcase classname="tests.TC007_SearchTest" name="searchFunctionTest" time="50.174"/>
  <testcase classname="tests.TC007_SearchTest" name="searchFunctionTest" time="39.455"/>
</testsuite> <!-- tests.TC007_SearchTest -->
