<?xml version="1.0" encoding="UTF-8"?>
<!-- Generated by org.testng.reporters.JUnitReportReporter -->
<testsuite hostname="Mukilan" failures="0" tests="1" name="tests.TC008_LogoutTest" time="13.577" errors="0" timestamp="2025-05-16T18:42:26 IST" skipped="0">
  <testcase classname="tests.TC008_LogoutTest" name="logoutTest" time="13.577"/>
</testsuite> <!-- tests.TC008_LogoutTest -->
