<?xml version="1.0" encoding="UTF-8"?>
<!-- Generated by org.testng.reporters.JUnitReportReporter -->
<testsuite hostname="Mukilan" failures="0" tests="2" name="tests.TC005_BookAHotelTest" time="38.164" errors="0" timestamp="2025-05-16T18:42:26 IST" skipped="0">
  <testcase classname="tests.TC005_BookAHotelTest" name="bookAHotelTest" time="22.885"/>
  <testcase classname="tests.TC005_BookAHotelTest" name="bookAHotelTest" time="15.279"/>
</testsuite> <!-- tests.TC005_BookAHotelTest -->
