<?xml version="1.0" encoding="UTF-8"?>
<!-- Generated by org.testng.reporters.JUnitReportReporter -->
<testsuite hostname="Mukilan" failures="0" tests="2" name="tests.TC004_SelectAHotelTest" time="25.947" errors="0" timestamp="2025-05-16T18:42:26 IST" skipped="0">
  <testcase classname="tests.TC004_SelectAHotelTest" name="selectHotelTest" time="13.467"/>
  <testcase classname="tests.TC004_SelectAHotelTest" name="selectHotelTest" time="12.480"/>
</testsuite> <!-- tests.TC004_SelectAHotelTest -->
