<?xml version="1.0" encoding="UTF-8"?>
<!-- Generated by org.testng.reporters.JUnitReportReporter -->
<testsuite hostname="Mukilan" failures="0" tests="2" name="tests.TC002_Login_Test" time="20.890" errors="0" timestamp="2025-05-16T18:42:26 IST" skipped="0">
  <testcase classname="tests.TC002_Login_Test" name="loginTest" time="11.127"/>
  <testcase classname="tests.TC002_Login_Test" name="loginTest" time="9.763"/>
</testsuite> <!-- tests.TC002_Login_Test -->
