<?xml version="1.0" encoding="UTF-8"?>
<!-- Generated by org.testng.reporters.JUnitReportReporter -->
<testsuite hostname="Mukilan" failures="0" tests="2" name="tests.TC001_NewRegisterationTest" time="51.641" errors="0" timestamp="2025-05-16T18:42:26 IST" skipped="0">
  <testcase classname="tests.TC001_NewRegisterationTest" name="newRegisterTest" time="30.769"/>
  <testcase classname="tests.TC001_NewRegisterationTest" name="newRegisterTest" time="20.872"/>
</testsuite> <!-- tests.TC001_NewRegisterationTest -->
