<?xml version="1.0" encoding="UTF-8"?>
<!-- Generated by org.testng.reporters.JUnitReportReporter -->
<testsuite hostname="Mukilan" failures="0" tests="1" name="tests.TC006_CancelHotelTest" time="57.888" errors="0" timestamp="2025-05-16T18:42:26 IST" skipped="0">
  <testcase classname="tests.TC006_CancelHotelTest" name="cancelHotelTest" time="57.888"/>
</testsuite> <!-- tests.TC006_CancelHotelTest -->
